{"level":"error","message":"✘ Failed to rebuild document Failed to parse guidoBird/src/centralGuido.wlk: \n-- PARSING FAILED --------------------------------------------------\n\n   99 | \t\t\tguido.velCaida(200)\n  100 | \t\t\tself.play()\n> 101 | \t\t})\t\t\n      |   ^\n  102 | \t}\t\n  103 | }\n\nExpected one of the following: \n\n'@', 'class', 'const', 'describe', 'mixin', 'object', 'only', 'package', 'program', 'test', 'var', '{', EOF, comment, not \"}\", whitespace\n","stack":"Error: Failed to parse guidoBird/src/centralGuido.wlk: \n-- PARSING FAILED --------------------------------------------------\n\n   99 | \t\t\tguido.velCaida(200)\n  100 | \t\t\tself.play()\n> 101 | \t\t})\t\t\n      |   ^\n  102 | \t}\t\n  103 | }\n\nExpected one of the following: \n\n'@', 'class', 'const', 'describe', 'mixin', 'object', 'only', 'package', 'program', 'test', 'var', '{', EOF, comment, not \"}\", whitespace\n\n    at c:\\Users\\Usuario\\.vscode\\extensions\\uqbar.wollok-lsp-ide-0.3.6\\out\\server\\src\\server.js:2254:32415\n    at Array.map (<anonymous>)\n    at Jfn (c:\\Users\\Usuario\\.vscode\\extensions\\uqbar.wollok-lsp-ide-0.3.6\\out\\server\\src\\server.js:2254:32339)\n    at k2.buildEnvironmentFrom (c:\\Users\\Usuario\\.vscode\\extensions\\uqbar.wollok-lsp-ide-0.3.6\\out\\server\\src\\server.js:2285:6721)\n    at k2.updateEnvironmentWith (c:\\Users\\Usuario\\.vscode\\extensions\\uqbar.wollok-lsp-ide-0.3.6\\out\\server\\src\\server.js:2285:6456)\n    at jL (c:\\Users\\Usuario\\.vscode\\extensions\\uqbar.wollok-lsp-ide-0.3.6\\out\\server\\src\\server.js:2298:2292)\n    at v3.invoke (c:\\Users\\Usuario\\.vscode\\extensions\\uqbar.wollok-lsp-ide-0.3.6\\out\\server\\src\\server.js:3:157200)\n    at o.fire (c:\\Users\\Usuario\\.vscode\\extensions\\uqbar.wollok-lsp-ide-0.3.6\\out\\server\\src\\server.js:3:157970)\n    at c:\\Users\\Usuario\\.vscode\\extensions\\uqbar.wollok-lsp-ide-0.3.6\\out\\server\\src\\server.js:37:57871\n    at Vr (c:\\Users\\Usuario\\.vscode\\extensions\\uqbar.wollok-lsp-ide-0.3.6\\out\\server\\src\\server.js:8:1561)","timestamp":"2024-11-29T03:21:58.344Z"}
{"level":"error","message":"✘ Failed to rebuild document Failed to parse guidoBird/src/centralGuido.wlk: \n-- PARSING FAILED --------------------------------------------------\n\n   99 | \t\t\tguido.velCaida(200)\n  100 | \t\t\tself.play()\n> 101 | \t\t})\t\t\n      |   ^\n  102 | \t}\t\n  103 | }\n\nExpected one of the following: \n\n'@', 'class', 'const', 'describe', 'mixin', 'object', 'only', 'package', 'program', 'test', 'var', '{', EOF, comment, not \"}\", whitespace\n","stack":"Error: Failed to parse guidoBird/src/centralGuido.wlk: \n-- PARSING FAILED --------------------------------------------------\n\n   99 | \t\t\tguido.velCaida(200)\n  100 | \t\t\tself.play()\n> 101 | \t\t})\t\t\n      |   ^\n  102 | \t}\t\n  103 | }\n\nExpected one of the following: \n\n'@', 'class', 'const', 'describe', 'mixin', 'object', 'only', 'package', 'program', 'test', 'var', '{', EOF, comment, not \"}\", whitespace\n\n    at c:\\Users\\Usuario\\.vscode\\extensions\\uqbar.wollok-lsp-ide-0.3.6\\out\\server\\src\\server.js:2254:32415\n    at Array.map (<anonymous>)\n    at Jfn (c:\\Users\\Usuario\\.vscode\\extensions\\uqbar.wollok-lsp-ide-0.3.6\\out\\server\\src\\server.js:2254:32339)\n    at k2.buildEnvironmentFrom (c:\\Users\\Usuario\\.vscode\\extensions\\uqbar.wollok-lsp-ide-0.3.6\\out\\server\\src\\server.js:2285:6721)\n    at k2.updateEnvironmentWith (c:\\Users\\Usuario\\.vscode\\extensions\\uqbar.wollok-lsp-ide-0.3.6\\out\\server\\src\\server.js:2285:6456)\n    at jL (c:\\Users\\Usuario\\.vscode\\extensions\\uqbar.wollok-lsp-ide-0.3.6\\out\\server\\src\\server.js:2298:2292)\n    at v3.invoke (c:\\Users\\Usuario\\.vscode\\extensions\\uqbar.wollok-lsp-ide-0.3.6\\out\\server\\src\\server.js:3:157200)\n    at o.fire (c:\\Users\\Usuario\\.vscode\\extensions\\uqbar.wollok-lsp-ide-0.3.6\\out\\server\\src\\server.js:3:157970)\n    at c:\\Users\\Usuario\\.vscode\\extensions\\uqbar.wollok-lsp-ide-0.3.6\\out\\server\\src\\server.js:37:57871\n    at Vr (c:\\Users\\Usuario\\.vscode\\extensions\\uqbar.wollok-lsp-ide-0.3.6\\out\\server\\src\\server.js:8:1561)","timestamp":"2024-11-29T03:21:58.986Z"}
{"level":"error","message":"✘ Failed to rebuild document Failed to parse guidoBird/src/centralGuido.wlk: \n-- PARSING FAILED --------------------------------------------------\n\n   99 | \t\t\tguido.velCaida(200)\n  100 | \t\t\tself.play()\n> 101 | \t\t})\t\t\n      |   ^\n  102 | \t}\t\n  103 | }\n\nExpected one of the following: \n\n'@', 'class', 'const', 'describe', 'mixin', 'object', 'only', 'package', 'program', 'test', 'var', '{', EOF, comment, not \"}\", whitespace\n","stack":"Error: Failed to parse guidoBird/src/centralGuido.wlk: \n-- PARSING FAILED --------------------------------------------------\n\n   99 | \t\t\tguido.velCaida(200)\n  100 | \t\t\tself.play()\n> 101 | \t\t})\t\t\n      |   ^\n  102 | \t}\t\n  103 | }\n\nExpected one of the following: \n\n'@', 'class', 'const', 'describe', 'mixin', 'object', 'only', 'package', 'program', 'test', 'var', '{', EOF, comment, not \"}\", whitespace\n\n    at c:\\Users\\Usuario\\.vscode\\extensions\\uqbar.wollok-lsp-ide-0.3.6\\out\\server\\src\\server.js:2254:32415\n    at Array.map (<anonymous>)\n    at Jfn (c:\\Users\\Usuario\\.vscode\\extensions\\uqbar.wollok-lsp-ide-0.3.6\\out\\server\\src\\server.js:2254:32339)\n    at k2.buildEnvironmentFrom (c:\\Users\\Usuario\\.vscode\\extensions\\uqbar.wollok-lsp-ide-0.3.6\\out\\server\\src\\server.js:2285:6721)\n    at k2.updateEnvironmentWith (c:\\Users\\Usuario\\.vscode\\extensions\\uqbar.wollok-lsp-ide-0.3.6\\out\\server\\src\\server.js:2285:6456)\n    at jL (c:\\Users\\Usuario\\.vscode\\extensions\\uqbar.wollok-lsp-ide-0.3.6\\out\\server\\src\\server.js:2298:2292)\n    at v3.invoke (c:\\Users\\Usuario\\.vscode\\extensions\\uqbar.wollok-lsp-ide-0.3.6\\out\\server\\src\\server.js:3:157200)\n    at o.fire (c:\\Users\\Usuario\\.vscode\\extensions\\uqbar.wollok-lsp-ide-0.3.6\\out\\server\\src\\server.js:3:157970)\n    at c:\\Users\\Usuario\\.vscode\\extensions\\uqbar.wollok-lsp-ide-0.3.6\\out\\server\\src\\server.js:37:57871\n    at Vr (c:\\Users\\Usuario\\.vscode\\extensions\\uqbar.wollok-lsp-ide-0.3.6\\out\\server\\src\\server.js:8:1561)","timestamp":"2024-11-29T03:21:59.869Z"}
{"level":"error","message":"✘ Failed to rebuild document Failed to parse guidoBird/src/centralGuido.wlk: \n-- PARSING FAILED --------------------------------------------------\n\n   99 | \t\t\tguido.velCaida(200)\n  100 | \t\t\tself.play()\n> 101 | \t\t})\t\t\n      |   ^\n  102 | \t}\t\n  103 | }\n\nExpected one of the following: \n\n'@', 'class', 'const', 'describe', 'mixin', 'object', 'only', 'package', 'program', 'test', 'var', '{', EOF, comment, not \"}\", whitespace\n","stack":"Error: Failed to parse guidoBird/src/centralGuido.wlk: \n-- PARSING FAILED --------------------------------------------------\n\n   99 | \t\t\tguido.velCaida(200)\n  100 | \t\t\tself.play()\n> 101 | \t\t})\t\t\n      |   ^\n  102 | \t}\t\n  103 | }\n\nExpected one of the following: \n\n'@', 'class', 'const', 'describe', 'mixin', 'object', 'only', 'package', 'program', 'test', 'var', '{', EOF, comment, not \"}\", whitespace\n\n    at c:\\Users\\Usuario\\.vscode\\extensions\\uqbar.wollok-lsp-ide-0.3.6\\out\\server\\src\\server.js:2254:32415\n    at Array.map (<anonymous>)\n    at Jfn (c:\\Users\\Usuario\\.vscode\\extensions\\uqbar.wollok-lsp-ide-0.3.6\\out\\server\\src\\server.js:2254:32339)\n    at k2.buildEnvironmentFrom (c:\\Users\\Usuario\\.vscode\\extensions\\uqbar.wollok-lsp-ide-0.3.6\\out\\server\\src\\server.js:2285:6721)\n    at k2.updateEnvironmentWith (c:\\Users\\Usuario\\.vscode\\extensions\\uqbar.wollok-lsp-ide-0.3.6\\out\\server\\src\\server.js:2285:6456)\n    at jL (c:\\Users\\Usuario\\.vscode\\extensions\\uqbar.wollok-lsp-ide-0.3.6\\out\\server\\src\\server.js:2298:2292)\n    at v3.invoke (c:\\Users\\Usuario\\.vscode\\extensions\\uqbar.wollok-lsp-ide-0.3.6\\out\\server\\src\\server.js:3:157200)\n    at o.fire (c:\\Users\\Usuario\\.vscode\\extensions\\uqbar.wollok-lsp-ide-0.3.6\\out\\server\\src\\server.js:3:157970)\n    at c:\\Users\\Usuario\\.vscode\\extensions\\uqbar.wollok-lsp-ide-0.3.6\\out\\server\\src\\server.js:37:57871\n    at Vr (c:\\Users\\Usuario\\.vscode\\extensions\\uqbar.wollok-lsp-ide-0.3.6\\out\\server\\src\\server.js:8:1561)","timestamp":"2024-11-29T03:22:00.771Z"}
{"level":"info","message":"⌛ Building environment","timeElapsed":137,"timestamp":"2024-11-29T03:22:03.717Z"}
{"level":"info","message":"⌛ Validating guidoBird/src/centralGuido.wlk","timeElapsed":148,"timestamp":"2024-11-29T03:22:03.867Z"}
{"level":"info","message":"⌛ Building environment","timeElapsed":155,"timestamp":"2024-11-29T03:23:22.939Z"}
{"level":"info","message":"⌛ Building environment","timeElapsed":105,"timestamp":"2024-11-29T03:23:23.044Z"}
{"level":"info","message":"⌛ Validating guidoBird/src/centralGuido.wlk","timeElapsed":141,"timestamp":"2024-11-29T03:23:23.186Z"}
{"level":"info","message":"⌛ Validating guidoBird/src/centralGuido.wlk","timeElapsed":123,"timestamp":"2024-11-29T03:23:23.309Z"}
{"level":"info","message":"⌛ Building environment","timeElapsed":159,"timestamp":"2024-11-29T03:23:23.818Z"}
{"level":"info","message":"⌛ Validating guidoBird/src/centralGuido.wlk","timeElapsed":108,"timestamp":"2024-11-29T03:23:23.931Z"}
{"level":"info","message":"⌛ Building environment","timeElapsed":108,"timestamp":"2024-11-29T03:23:24.380Z"}
{"level":"info","message":"⌛ Validating guidoBird/src/centralGuido.wlk","timeElapsed":125,"timestamp":"2024-11-29T03:23:24.507Z"}
{"level":"info","message":"⌛ Building environment","timeElapsed":103,"timestamp":"2024-11-29T03:23:25.132Z"}
{"level":"info","message":"⌛ Validating guidoBird/src/centralGuido.wlk","timeElapsed":124,"timestamp":"2024-11-29T03:23:25.257Z"}
{"level":"info","message":"⌛ Building environment","timeElapsed":133,"timestamp":"2024-11-29T03:23:25.623Z"}
{"level":"info","message":"⌛ Validating guidoBird/src/centralGuido.wlk","timeElapsed":156,"timestamp":"2024-11-29T03:23:25.780Z"}
{"level":"info","message":"⌛ Building environment","timeElapsed":111,"timestamp":"2024-11-29T03:23:26.130Z"}
{"level":"info","message":"⌛ Building environment","timeElapsed":140,"timestamp":"2024-11-29T03:23:26.304Z"}
{"level":"info","message":"⌛ Validating guidoBird/src/centralGuido.wlk","timeElapsed":139,"timestamp":"2024-11-29T03:23:26.443Z"}
{"level":"info","message":"onRequest - completionItem/resolve","timestamp":"2024-11-29T03:23:26.444Z"}
{"level":"info","message":"⌛ Validating guidoBird/src/centralGuido.wlk","timeElapsed":162,"timestamp":"2024-11-29T03:23:26.606Z"}
{"level":"info","message":"⌛ Building environment","timeElapsed":151,"timestamp":"2024-11-29T03:23:27.313Z"}
{"level":"info","message":"⌛ Building environment","timeElapsed":126,"timestamp":"2024-11-29T03:23:27.486Z"}
{"level":"info","message":"⌛ Validating guidoBird/src/centralGuido.wlk","timeElapsed":161,"timestamp":"2024-11-29T03:23:27.647Z"}
{"level":"info","message":"⌛ Validating guidoBird/src/centralGuido.wlk","timeElapsed":163,"timestamp":"2024-11-29T03:23:27.812Z"}
{"level":"info","message":"⌛ Building environment","timeElapsed":112,"timestamp":"2024-11-29T03:23:27.945Z"}
{"level":"info","message":"⌛ Validating guidoBird/src/centralGuido.wlk","timeElapsed":137,"timestamp":"2024-11-29T03:23:28.087Z"}
{"level":"info","message":"⌛ Building environment","timeElapsed":107,"timestamp":"2024-11-29T03:23:28.195Z"}
{"level":"info","message":"⌛ Validating guidoBird/src/centralGuido.wlk","timeElapsed":141,"timestamp":"2024-11-29T03:23:28.337Z"}
{"level":"info","message":"⌛ Building environment","timeElapsed":111,"timestamp":"2024-11-29T03:23:28.620Z"}
{"level":"info","message":"⌛ Building environment","timeElapsed":103,"timestamp":"2024-11-29T03:23:28.754Z"}
{"level":"info","message":"⌛ Validating guidoBird/src/centralGuido.wlk","timeElapsed":117,"timestamp":"2024-11-29T03:23:28.874Z"}
{"level":"info","message":"onRequest - completionItem/resolve","timestamp":"2024-11-29T03:23:28.875Z"}
{"level":"info","message":"⌛ Validating guidoBird/src/centralGuido.wlk","timeElapsed":127,"timestamp":"2024-11-29T03:23:29.002Z"}
{"level":"info","message":"⌛ Validating guidoBird/src/centralGuido.wlk","timeElapsed":116,"timestamp":"2024-11-29T03:23:29.348Z"}
{"level":"info","message":"⌛ Validating guidoBird/src/centralGuido.wlk","timeElapsed":112,"timestamp":"2024-11-29T03:23:29.460Z"}
{"level":"info","message":"onRequest - completionItem/resolve","timestamp":"2024-11-29T03:23:29.461Z"}
{"level":"info","message":"⌛ Building environment","timeElapsed":122,"timestamp":"2024-11-29T03:23:29.583Z"}
{"level":"info","message":"⌛ Building environment","timeElapsed":101,"timestamp":"2024-11-29T03:23:29.685Z"}
{"level":"info","message":"⌛ Validating guidoBird/src/centralGuido.wlk","timeElapsed":125,"timestamp":"2024-11-29T03:23:29.811Z"}
{"level":"info","message":"⌛ Validating guidoBird/src/centralGuido.wlk","timeElapsed":150,"timestamp":"2024-11-29T03:23:30.072Z"}
{"level":"info","message":"⌛ Validating guidoBird/src/centralGuido.wlk","timeElapsed":115,"timestamp":"2024-11-29T03:23:30.188Z"}
{"level":"info","message":"onRequest - completionItem/resolve","timestamp":"2024-11-29T03:23:30.191Z"}
{"level":"info","message":"⌛ Building environment","timeElapsed":143,"timestamp":"2024-11-29T03:23:30.335Z"}
{"level":"info","message":"onRequest - completionItem/resolve","timestamp":"2024-11-29T03:23:30.336Z"}
{"level":"info","message":"⌛ Building environment","timeElapsed":106,"timestamp":"2024-11-29T03:23:30.442Z"}
{"level":"info","message":"onRequest - completionItem/resolve","timestamp":"2024-11-29T03:23:30.442Z"}
{"level":"info","message":"⌛ Validating guidoBird/src/centralGuido.wlk","timeElapsed":121,"timestamp":"2024-11-29T03:23:30.564Z"}
{"level":"info","message":"⌛ Validating guidoBird/src/centralGuido.wlk","timeElapsed":105,"timestamp":"2024-11-29T03:23:30.674Z"}
{"level":"info","message":"onRequest - completionItem/resolve","timestamp":"2024-11-29T03:23:31.130Z"}
{"level":"info","message":"onRequest - completionItem/resolve","timestamp":"2024-11-29T03:23:31.275Z"}
{"level":"info","message":"⌛ Building environment","timeElapsed":110,"timestamp":"2024-11-29T03:23:31.665Z"}
{"level":"info","message":"⌛ Validating guidoBird/src/centralGuido.wlk","timeElapsed":135,"timestamp":"2024-11-29T03:23:31.801Z"}
{"level":"info","message":"⌛ Building environment","timeElapsed":124,"timestamp":"2024-11-29T03:23:32.285Z"}
{"level":"info","message":"⌛ Validating guidoBird/src/centralGuido.wlk","timeElapsed":149,"timestamp":"2024-11-29T03:23:32.435Z"}
{"level":"info","message":"⌛ Building environment","timeElapsed":119,"timestamp":"2024-11-29T03:23:32.554Z"}
{"level":"info","message":"⌛ Building environment","timeElapsed":111,"timestamp":"2024-11-29T03:23:32.665Z"}
{"level":"info","message":"⌛ Validating guidoBird/src/centralGuido.wlk","timeElapsed":129,"timestamp":"2024-11-29T03:23:32.795Z"}
{"level":"info","message":"⌛ Building environment","timeElapsed":110,"timestamp":"2024-11-29T03:23:32.906Z"}
{"level":"info","message":"⌛ Validating guidoBird/src/centralGuido.wlk","timeElapsed":131,"timestamp":"2024-11-29T03:23:33.043Z"}
{"level":"info","message":"⌛ Validating guidoBird/src/centralGuido.wlk","timeElapsed":127,"timestamp":"2024-11-29T03:23:33.175Z"}
{"level":"info","message":"⌛ Building environment","timeElapsed":108,"timestamp":"2024-11-29T03:23:34.563Z"}
{"level":"info","message":"⌛ Validating guidoBird/src/centralGuido.wlk","timeElapsed":130,"timestamp":"2024-11-29T03:23:34.694Z"}
{"level":"info","message":"⌛ Building environment","timeElapsed":121,"timestamp":"2024-11-29T03:23:34.919Z"}
{"level":"info","message":"⌛ Validating guidoBird/src/centralGuido.wlk","timeElapsed":119,"timestamp":"2024-11-29T03:23:35.234Z"}
{"level":"info","message":"⌛ Validating guidoBird/src/centralGuido.wlk","timeElapsed":111,"timestamp":"2024-11-29T03:23:35.345Z"}
{"level":"info","message":"⌛ Building environment","timeElapsed":119,"timestamp":"2024-11-29T03:23:36.069Z"}
{"level":"info","message":"⌛ Validating guidoBird/src/centralGuido.wlk","timeElapsed":122,"timestamp":"2024-11-29T03:23:36.193Z"}
{"level":"info","message":"⌛ Validating guidoBird/src/centralGuido.wlk","timeElapsed":119,"timestamp":"2024-11-29T03:23:36.396Z"}
{"level":"info","message":"⌛ Validating guidoBird/src/centralGuido.wlk","timeElapsed":120,"timestamp":"2024-11-29T03:23:36.691Z"}
{"level":"info","message":"⌛ Validating guidoBird/src/centralGuido.wlk","timeElapsed":162,"timestamp":"2024-11-29T03:23:37.389Z"}
{"level":"info","message":"⌛ Building environment","timeElapsed":107,"timestamp":"2024-11-29T03:23:37.668Z"}
{"level":"info","message":"⌛ Validating guidoBird/src/centralGuido.wlk","timeElapsed":129,"timestamp":"2024-11-29T03:23:37.798Z"}
{"level":"info","message":"⌛ Building environment","timeElapsed":110,"timestamp":"2024-11-29T03:23:37.908Z"}
{"level":"info","message":"⌛ Validating guidoBird/src/centralGuido.wlk","timeElapsed":114,"timestamp":"2024-11-29T03:23:38.023Z"}
{"level":"info","message":"⌛ Building environment","timeElapsed":109,"timestamp":"2024-11-29T03:23:38.585Z"}
{"level":"info","message":"⌛ Validating guidoBird/src/centralGuido.wlk","timeElapsed":113,"timestamp":"2024-11-29T03:23:38.699Z"}
{"level":"info","message":"⌛ Building environment","timeElapsed":104,"timestamp":"2024-11-29T03:23:39.356Z"}
{"level":"info","message":"⌛ Validating guidoBird/src/centralGuido.wlk","timeElapsed":114,"timestamp":"2024-11-29T03:23:39.473Z"}
{"level":"info","message":"⌛ Building environment","timeElapsed":129,"timestamp":"2024-11-29T03:23:40.558Z"}
{"level":"info","message":"⌛ Validating guidoBird/src/centralGuido.wlk","timeElapsed":104,"timestamp":"2024-11-29T03:23:40.663Z"}
{"level":"info","message":"⌛ Building environment","timeElapsed":102,"timestamp":"2024-11-29T03:23:41.426Z"}
{"level":"info","message":"⌛ Building environment","timeElapsed":147,"timestamp":"2024-11-29T03:23:41.573Z"}
{"level":"info","message":"⌛ Validating guidoBird/src/centralGuido.wlk","timeElapsed":128,"timestamp":"2024-11-29T03:23:41.702Z"}
{"level":"info","message":"⌛ Validating guidoBird/src/centralGuido.wlk","timeElapsed":167,"timestamp":"2024-11-29T03:23:41.962Z"}
{"level":"info","message":"⌛ Validating guidoBird/src/centralGuido.wlk","timeElapsed":122,"timestamp":"2024-11-29T03:23:42.269Z"}
{"level":"info","message":"⌛ Building environment","timeElapsed":144,"timestamp":"2024-11-29T03:23:42.414Z"}
{"level":"info","message":"⌛ Validating guidoBird/src/centralGuido.wlk","timeElapsed":159,"timestamp":"2024-11-29T03:23:42.763Z"}
{"level":"info","message":"⌛ Validating guidoBird/src/centralGuido.wlk","timeElapsed":126,"timestamp":"2024-11-29T03:23:42.890Z"}
{"level":"info","message":"⌛ Validating guidoBird/src/centralGuido.wlk","timeElapsed":104,"timestamp":"2024-11-29T03:23:43.080Z"}
{"level":"info","message":"⌛ Validating guidoBird/src/centralGuido.wlk","timeElapsed":105,"timestamp":"2024-11-29T03:23:43.186Z"}
{"level":"info","message":"⌛ Validating guidoBird/src/centralGuido.wlk","timeElapsed":110,"timestamp":"2024-11-29T03:23:43.379Z"}
{"level":"info","message":"⌛ Validating guidoBird/src/centralGuido.wlk","timeElapsed":120,"timestamp":"2024-11-29T03:23:43.769Z"}
{"level":"info","message":"⌛ Validating guidoBird/src/centralGuido.wlk","timeElapsed":109,"timestamp":"2024-11-29T03:23:43.885Z"}
{"level":"info","message":"⌛ Validating guidoBird/src/centralGuido.wlk","timeElapsed":103,"timestamp":"2024-11-29T03:23:44.082Z"}
{"level":"info","message":"⌛ Building environment","timeElapsed":106,"timestamp":"2024-11-29T03:23:44.189Z"}
{"level":"info","message":"⌛ Validating guidoBird/src/centralGuido.wlk","timeElapsed":112,"timestamp":"2024-11-29T03:23:44.301Z"}
{"level":"info","message":"⌛ Validating guidoBird/src/centralGuido.wlk","timeElapsed":113,"timestamp":"2024-11-29T03:23:44.415Z"}
{"level":"info","message":"⌛ Validating guidoBird/src/centralGuido.wlk","timeElapsed":120,"timestamp":"2024-11-29T03:23:44.729Z"}
{"level":"info","message":"⌛ Validating guidoBird/src/centralGuido.wlk","timeElapsed":108,"timestamp":"2024-11-29T03:23:44.841Z"}
{"level":"info","message":"⌛ Validating guidoBird/src/centralGuido.wlk","timeElapsed":105,"timestamp":"2024-11-29T03:23:44.946Z"}
{"level":"info","message":"⌛ Validating guidoBird/src/centralGuido.wlk","timeElapsed":111,"timestamp":"2024-11-29T03:23:45.058Z"}
{"level":"info","message":"⌛ Building environment","timeElapsed":127,"timestamp":"2024-11-29T03:23:45.186Z"}
{"level":"info","message":"⌛ Building environment","timeElapsed":113,"timestamp":"2024-11-29T03:23:45.485Z"}
{"level":"info","message":"⌛ Validating guidoBird/src/centralGuido.wlk","timeElapsed":159,"timestamp":"2024-11-29T03:23:45.645Z"}
{"level":"info","message":"⌛ Validating guidoBird/src/centralGuido.wlk","timeElapsed":104,"timestamp":"2024-11-29T03:23:45.750Z"}
{"level":"info","message":"⌛ Building environment","timeElapsed":108,"timestamp":"2024-11-29T03:23:45.858Z"}
{"level":"info","message":"⌛ Validating guidoBird/src/centralGuido.wlk","timeElapsed":115,"timestamp":"2024-11-29T03:23:45.973Z"}
{"level":"info","message":"⌛ Validating guidoBird/src/centralGuido.wlk","timeElapsed":125,"timestamp":"2024-11-29T03:23:46.098Z"}
{"level":"info","message":"⌛ Validating guidoBird/src/centralGuido.wlk","timeElapsed":113,"timestamp":"2024-11-29T03:23:46.308Z"}
{"level":"info","message":"⌛ Building environment","timeElapsed":102,"timestamp":"2024-11-29T03:23:46.591Z"}
{"level":"info","message":"⌛ Validating guidoBird/src/centralGuido.wlk","timeElapsed":102,"timestamp":"2024-11-29T03:23:47.066Z"}
{"level":"info","message":"⌛ Validating guidoBird/src/centralGuido.wlk","timeElapsed":114,"timestamp":"2024-11-29T03:23:47.285Z"}
{"level":"info","message":"⌛ Validating guidoBird/src/centralGuido.wlk","timeElapsed":109,"timestamp":"2024-11-29T03:23:47.395Z"}
{"level":"info","message":"⌛ Validating guidoBird/src/centralGuido.wlk","timeElapsed":107,"timestamp":"2024-11-29T03:23:48.643Z"}
{"level":"info","message":"⌛ Validating guidoBird/src/centralGuido.wlk","timeElapsed":114,"timestamp":"2024-11-29T03:23:48.842Z"}
{"level":"info","message":"⌛ Validating guidoBird/src/centralGuido.wlk","timeElapsed":121,"timestamp":"2024-11-29T03:23:48.964Z"}
{"level":"info","message":"⌛ Building environment","timeElapsed":104,"timestamp":"2024-11-29T03:23:49.167Z"}
{"level":"info","message":"⌛ Validating guidoBird/src/centralGuido.wlk","timeElapsed":113,"timestamp":"2024-11-29T03:23:49.281Z"}
{"level":"info","message":"⌛ Building environment","timeElapsed":142,"timestamp":"2024-11-29T03:23:49.422Z"}
{"level":"info","message":"⌛ Building environment","timeElapsed":110,"timestamp":"2024-11-29T03:23:49.533Z"}
{"level":"info","message":"⌛ Validating guidoBird/src/centralGuido.wlk","timeElapsed":107,"timestamp":"2024-11-29T03:23:49.644Z"}
{"level":"info","message":"⌛ Building environment","timeElapsed":102,"timestamp":"2024-11-29T03:23:49.746Z"}
{"level":"info","message":"⌛ Building environment","timeElapsed":154,"timestamp":"2024-11-29T03:23:49.901Z"}
{"level":"info","message":"⌛ Validating guidoBird/src/centralGuido.wlk","timeElapsed":113,"timestamp":"2024-11-29T03:23:50.014Z"}
{"level":"info","message":"⌛ Validating guidoBird/src/centralGuido.wlk","timeElapsed":113,"timestamp":"2024-11-29T03:23:50.222Z"}
{"level":"info","message":"⌛ Validating guidoBird/src/centralGuido.wlk","timeElapsed":109,"timestamp":"2024-11-29T03:23:50.514Z"}
{"level":"info","message":"⌛ Building environment","timeElapsed":141,"timestamp":"2024-11-29T03:23:50.657Z"}
{"level":"info","message":"⌛ Validating guidoBird/src/centralGuido.wlk","timeElapsed":137,"timestamp":"2024-11-29T03:23:50.880Z"}
{"level":"info","message":"⌛ Building environment","timeElapsed":104,"timestamp":"2024-11-29T03:23:50.984Z"}
{"level":"info","message":"⌛ Validating guidoBird/src/centralGuido.wlk","timeElapsed":173,"timestamp":"2024-11-29T03:23:51.157Z"}
{"level":"info","message":"⌛ Building environment","timeElapsed":119,"timestamp":"2024-11-29T03:23:51.278Z"}
{"level":"info","message":"⌛ Validating guidoBird/src/centralGuido.wlk","timeElapsed":159,"timestamp":"2024-11-29T03:23:51.438Z"}
{"level":"info","message":"⌛ Validating guidoBird/src/centralGuido.wlk","timeElapsed":121,"timestamp":"2024-11-29T03:23:51.564Z"}
{"level":"info","message":"⌛ Building environment","timeElapsed":111,"timestamp":"2024-11-29T03:23:51.676Z"}
{"level":"info","message":"⌛ Validating guidoBird/src/centralGuido.wlk","timeElapsed":113,"timestamp":"2024-11-29T03:23:51.888Z"}
{"level":"info","message":"⌛ Validating guidoBird/src/centralGuido.wlk","timeElapsed":122,"timestamp":"2024-11-29T03:23:52.010Z"}
{"level":"info","message":"⌛ Validating guidoBird/src/centralGuido.wlk","timeElapsed":109,"timestamp":"2024-11-29T03:23:52.125Z"}
{"level":"info","message":"⌛ Validating guidoBird/src/centralGuido.wlk","timeElapsed":117,"timestamp":"2024-11-29T03:23:52.409Z"}
{"level":"info","message":"⌛ Validating guidoBird/src/centralGuido.wlk","timeElapsed":115,"timestamp":"2024-11-29T03:23:52.903Z"}
{"level":"info","message":"⌛ Validating guidoBird/src/centralGuido.wlk","timeElapsed":112,"timestamp":"2024-11-29T03:23:53.015Z"}
{"level":"info","message":"⌛ Validating guidoBird/src/centralGuido.wlk","timeElapsed":101,"timestamp":"2024-11-29T03:23:53.116Z"}
{"level":"info","message":"⌛ Validating guidoBird/src/centralGuido.wlk","timeElapsed":115,"timestamp":"2024-11-29T03:23:53.231Z"}
{"level":"info","message":"⌛ Building environment","timeElapsed":107,"timestamp":"2024-11-29T03:23:53.586Z"}
{"level":"info","message":"⌛ Validating guidoBird/src/centralGuido.wlk","timeElapsed":110,"timestamp":"2024-11-29T03:23:53.696Z"}
{"level":"info","message":"⌛ Building environment","timeElapsed":115,"timestamp":"2024-11-29T03:23:54.657Z"}
{"level":"error","message":"✘ Failed to rebuild document Failed to parse guidoBird/src/centralGuido.wlk: \n-- PARSING FAILED --------------------------------------------------\n\n  84 | \t\t\t})\n  85 | \t\t})\n> 86 | \t}\n     |  ^\n  87 | \t\n  88 | \tmethod showMenu() {\n\nExpected one of the following: \n\n'@', 'class', 'const', 'describe', 'mixin', 'object', 'only', 'package', 'program', 'test', 'var', '{', EOF, comment, not \"}\n\t\n\t\", whitespace\n","stack":"Error: Failed to parse guidoBird/src/centralGuido.wlk: \n-- PARSING FAILED --------------------------------------------------\n\n  84 | \t\t\t})\n  85 | \t\t})\n> 86 | \t}\n     |  ^\n  87 | \t\n  88 | \tmethod showMenu() {\n\nExpected one of the following: \n\n'@', 'class', 'const', 'describe', 'mixin', 'object', 'only', 'package', 'program', 'test', 'var', '{', EOF, comment, not \"}\n\t\n\t\", whitespace\n\n    at c:\\Users\\Usuario\\.vscode\\extensions\\uqbar.wollok-lsp-ide-0.3.6\\out\\server\\src\\server.js:2254:32415\n    at Array.map (<anonymous>)\n    at Jfn (c:\\Users\\Usuario\\.vscode\\extensions\\uqbar.wollok-lsp-ide-0.3.6\\out\\server\\src\\server.js:2254:32339)\n    at k2.buildEnvironmentFrom (c:\\Users\\Usuario\\.vscode\\extensions\\uqbar.wollok-lsp-ide-0.3.6\\out\\server\\src\\server.js:2285:6721)\n    at k2.updateEnvironmentWith (c:\\Users\\Usuario\\.vscode\\extensions\\uqbar.wollok-lsp-ide-0.3.6\\out\\server\\src\\server.js:2285:6456)\n    at jL (c:\\Users\\Usuario\\.vscode\\extensions\\uqbar.wollok-lsp-ide-0.3.6\\out\\server\\src\\server.js:2298:2292)\n    at v3.invoke (c:\\Users\\Usuario\\.vscode\\extensions\\uqbar.wollok-lsp-ide-0.3.6\\out\\server\\src\\server.js:3:157200)\n    at o.fire (c:\\Users\\Usuario\\.vscode\\extensions\\uqbar.wollok-lsp-ide-0.3.6\\out\\server\\src\\server.js:3:157970)\n    at c:\\Users\\Usuario\\.vscode\\extensions\\uqbar.wollok-lsp-ide-0.3.6\\out\\server\\src\\server.js:37:57871\n    at Vr (c:\\Users\\Usuario\\.vscode\\extensions\\uqbar.wollok-lsp-ide-0.3.6\\out\\server\\src\\server.js:8:1561)","timestamp":"2024-11-29T03:23:54.679Z"}
{"level":"info","message":"⌛ Validating guidoBird/src/centralGuido.wlk","timeElapsed":164,"timestamp":"2024-11-29T03:23:54.843Z"}
{"level":"error","message":"✘ Failed to rebuild document Failed to parse guidoBird/src/centralGuido.wlk: \n-- PARSING FAILED --------------------------------------------------\n\n  84 | \t\t\t})\n  85 | \t\t})\n> 86 | \t}\n     |  ^\n  87 | \t\n  88 | \tmethod showMenu() {\n\nExpected one of the following: \n\n'@', 'class', 'const', 'describe', 'mixin', 'object', 'only', 'package', 'program', 'test', 'var', '{', EOF, comment, not \"}\n\t\n\t\", whitespace\n","stack":"Error: Failed to parse guidoBird/src/centralGuido.wlk: \n-- PARSING FAILED --------------------------------------------------\n\n  84 | \t\t\t})\n  85 | \t\t})\n> 86 | \t}\n     |  ^\n  87 | \t\n  88 | \tmethod showMenu() {\n\nExpected one of the following: \n\n'@', 'class', 'const', 'describe', 'mixin', 'object', 'only', 'package', 'program', 'test', 'var', '{', EOF, comment, not \"}\n\t\n\t\", whitespace\n\n    at c:\\Users\\Usuario\\.vscode\\extensions\\uqbar.wollok-lsp-ide-0.3.6\\out\\server\\src\\server.js:2254:32415\n    at Array.map (<anonymous>)\n    at Jfn (c:\\Users\\Usuario\\.vscode\\extensions\\uqbar.wollok-lsp-ide-0.3.6\\out\\server\\src\\server.js:2254:32339)\n    at k2.buildEnvironmentFrom (c:\\Users\\Usuario\\.vscode\\extensions\\uqbar.wollok-lsp-ide-0.3.6\\out\\server\\src\\server.js:2285:6721)\n    at k2.updateEnvironmentWith (c:\\Users\\Usuario\\.vscode\\extensions\\uqbar.wollok-lsp-ide-0.3.6\\out\\server\\src\\server.js:2285:6456)\n    at jL (c:\\Users\\Usuario\\.vscode\\extensions\\uqbar.wollok-lsp-ide-0.3.6\\out\\server\\src\\server.js:2298:2292)\n    at v3.invoke (c:\\Users\\Usuario\\.vscode\\extensions\\uqbar.wollok-lsp-ide-0.3.6\\out\\server\\src\\server.js:3:157200)\n    at o.fire (c:\\Users\\Usuario\\.vscode\\extensions\\uqbar.wollok-lsp-ide-0.3.6\\out\\server\\src\\server.js:3:157970)\n    at c:\\Users\\Usuario\\.vscode\\extensions\\uqbar.wollok-lsp-ide-0.3.6\\out\\server\\src\\server.js:37:57871\n    at Vr (c:\\Users\\Usuario\\.vscode\\extensions\\uqbar.wollok-lsp-ide-0.3.6\\out\\server\\src\\server.js:8:1561)","timestamp":"2024-11-29T03:23:55.113Z"}
{"level":"error","message":"✘ Failed to rebuild document Failed to parse guidoBird/src/centralGuido.wlk: \n-- PARSING FAILED --------------------------------------------------\n\n  84 | \t\t\t})\n  85 | \t\t})\n> 86 | \t}\n     |  ^\n  87 | \t\n  88 | \tmethod showMenu() {\n\nExpected one of the following: \n\n'@', 'class', 'const', 'describe', 'mixin', 'object', 'only', 'package', 'program', 'test', 'var', '{', EOF, comment, not \"}\n\t\n\t\", whitespace\n","stack":"Error: Failed to parse guidoBird/src/centralGuido.wlk: \n-- PARSING FAILED --------------------------------------------------\n\n  84 | \t\t\t})\n  85 | \t\t})\n> 86 | \t}\n     |  ^\n  87 | \t\n  88 | \tmethod showMenu() {\n\nExpected one of the following: \n\n'@', 'class', 'const', 'describe', 'mixin', 'object', 'only', 'package', 'program', 'test', 'var', '{', EOF, comment, not \"}\n\t\n\t\", whitespace\n\n    at c:\\Users\\Usuario\\.vscode\\extensions\\uqbar.wollok-lsp-ide-0.3.6\\out\\server\\src\\server.js:2254:32415\n    at Array.map (<anonymous>)\n    at Jfn (c:\\Users\\Usuario\\.vscode\\extensions\\uqbar.wollok-lsp-ide-0.3.6\\out\\server\\src\\server.js:2254:32339)\n    at k2.buildEnvironmentFrom (c:\\Users\\Usuario\\.vscode\\extensions\\uqbar.wollok-lsp-ide-0.3.6\\out\\server\\src\\server.js:2285:6721)\n    at k2.updateEnvironmentWith (c:\\Users\\Usuario\\.vscode\\extensions\\uqbar.wollok-lsp-ide-0.3.6\\out\\server\\src\\server.js:2285:6456)\n    at jL (c:\\Users\\Usuario\\.vscode\\extensions\\uqbar.wollok-lsp-ide-0.3.6\\out\\server\\src\\server.js:2298:2292)\n    at v3.invoke (c:\\Users\\Usuario\\.vscode\\extensions\\uqbar.wollok-lsp-ide-0.3.6\\out\\server\\src\\server.js:3:157200)\n    at o.fire (c:\\Users\\Usuario\\.vscode\\extensions\\uqbar.wollok-lsp-ide-0.3.6\\out\\server\\src\\server.js:3:157970)\n    at c:\\Users\\Usuario\\.vscode\\extensions\\uqbar.wollok-lsp-ide-0.3.6\\out\\server\\src\\server.js:37:57871\n    at Vr (c:\\Users\\Usuario\\.vscode\\extensions\\uqbar.wollok-lsp-ide-0.3.6\\out\\server\\src\\server.js:8:1561)","timestamp":"2024-11-29T03:23:55.295Z"}
{"level":"info","message":"⌛ Building environment","timeElapsed":126,"timestamp":"2024-11-29T03:23:55.769Z"}
{"level":"info","message":"⌛ Validating guidoBird/src/centralGuido.wlk","timeElapsed":135,"timestamp":"2024-11-29T03:23:55.905Z"}
{"level":"info","message":"⌛ Building environment","timeElapsed":184,"timestamp":"2024-11-29T03:23:56.511Z"}
{"level":"info","message":"⌛ Validating guidoBird/src/centralGuido.wlk","timeElapsed":156,"timestamp":"2024-11-29T03:23:56.667Z"}
{"level":"info","message":"⌛ Building environment","timeElapsed":149,"timestamp":"2024-11-29T03:23:58.129Z"}
{"level":"info","message":"⌛ Building environment","timeElapsed":116,"timestamp":"2024-11-29T03:23:58.246Z"}
{"level":"info","message":"⌛ Validating guidoBird/src/centralGuido.wlk","timeElapsed":114,"timestamp":"2024-11-29T03:23:58.386Z"}
{"level":"info","message":"⌛ Validating guidoBird/src/centralGuido.wlk","timeElapsed":115,"timestamp":"2024-11-29T03:23:58.502Z"}
{"level":"info","message":"⌛ Validating guidoBird/src/centralGuido.wlk","timeElapsed":111,"timestamp":"2024-11-29T03:23:58.770Z"}
{"level":"info","message":"⌛ Building environment","timeElapsed":128,"timestamp":"2024-11-29T03:23:58.899Z"}
{"level":"info","message":"⌛ Validating guidoBird/src/centralGuido.wlk","timeElapsed":128,"timestamp":"2024-11-29T03:23:59.028Z"}
{"level":"info","message":"⌛ Building environment","timeElapsed":126,"timestamp":"2024-11-29T03:24:01.872Z"}
{"level":"info","message":"⌛ Validating guidoBird/src/centralGuido.wlk","timeElapsed":115,"timestamp":"2024-11-29T03:24:01.987Z"}
{"level":"info","message":"⌛ Validating guidoBird/src/centralGuido.wlk","timeElapsed":114,"timestamp":"2024-11-29T03:24:02.203Z"}
{"level":"info","message":"⌛ Validating guidoBird/src/centralGuido.wlk","timeElapsed":121,"timestamp":"2024-11-29T03:24:02.732Z"}
{"level":"info","message":"⌛ Building environment","timeElapsed":104,"timestamp":"2024-11-29T03:24:02.963Z"}
{"level":"info","message":"⌛ Validating guidoBird/src/centralGuido.wlk","timeElapsed":107,"timestamp":"2024-11-29T03:24:03.076Z"}
{"level":"info","message":"⌛ Building environment","timeElapsed":120,"timestamp":"2024-11-29T03:24:05.933Z"}
{"level":"info","message":"⌛ Validating guidoBird/src/centralGuido.wlk","timeElapsed":114,"timestamp":"2024-11-29T03:24:06.050Z"}
{"level":"info","message":"⌛ Building environment","timeElapsed":127,"timestamp":"2024-11-29T03:24:08.296Z"}
{"level":"info","message":"⌛ Validating guidoBird/src/centralGuido.wlk","timeElapsed":123,"timestamp":"2024-11-29T03:24:08.424Z"}
{"level":"info","message":"⌛ Building environment","timeElapsed":108,"timestamp":"2024-11-29T03:24:10.938Z"}
{"level":"info","message":"⌛ Validating guidoBird/src/centralGuido.wlk","timeElapsed":124,"timestamp":"2024-11-29T03:24:11.065Z"}
{"level":"info","message":"⌛ Validating guidoBird/src/centralGuido.wlk","timeElapsed":125,"timestamp":"2024-11-29T03:24:12.228Z"}
{"level":"info","message":"⌛ Validating guidoBird/src/centralGuido.wlk","timeElapsed":113,"timestamp":"2024-11-29T03:24:12.569Z"}
{"level":"info","message":"⌛ Building environment","timeElapsed":159,"timestamp":"2024-11-29T03:24:51.742Z"}
{"level":"info","message":"⌛ Validating guidoBird/src/centralGuido.wlk","timeElapsed":155,"timestamp":"2024-11-29T03:24:51.898Z"}
{"level":"info","message":"⌛ Building environment","timeElapsed":151,"timestamp":"2024-11-29T03:24:53.530Z"}
{"level":"info","message":"⌛ Building environment","timeElapsed":117,"timestamp":"2024-11-29T03:24:53.648Z"}
{"level":"info","message":"⌛ Validating guidoBird/src/centralGuido.wlk","timeElapsed":157,"timestamp":"2024-11-29T03:24:53.805Z"}
{"level":"info","message":"⌛ Validating guidoBird/src/centralGuido.wlk","timeElapsed":163,"timestamp":"2024-11-29T03:24:53.969Z"}
{"level":"info","message":"⌛ Building environment","timeElapsed":140,"timestamp":"2024-11-29T03:24:54.438Z"}
{"level":"info","message":"⌛ Validating guidoBird/src/centralGuido.wlk","timeElapsed":141,"timestamp":"2024-11-29T03:24:54.584Z"}
{"level":"info","message":"⌛ Building environment","timeElapsed":183,"timestamp":"2024-11-29T03:24:55.906Z"}
{"level":"info","message":"⌛ Building environment","timeElapsed":131,"timestamp":"2024-11-29T03:24:56.064Z"}
{"level":"info","message":"⌛ Validating guidoBird/src/centralGuido.wlk","timeElapsed":163,"timestamp":"2024-11-29T03:24:56.227Z"}
{"level":"info","message":"⌛ Validating guidoBird/src/centralGuido.wlk","timeElapsed":113,"timestamp":"2024-11-29T03:24:56.340Z"}
{"level":"info","message":"⌛ Building environment","timeElapsed":128,"timestamp":"2024-11-29T03:24:56.470Z"}
{"level":"info","message":"⌛ Validating guidoBird/src/centralGuido.wlk","timeElapsed":120,"timestamp":"2024-11-29T03:24:56.615Z"}
{"exitCode":"SIGHUP","level":"info","message":"👾 Game executed guidoBird.main.juego on c:\\Users\\Usuario\\Desktop\\2024-tpo-game-miche-y-su-pandilla-master","timeElapsed":188149,"timestamp":"2024-11-29T03:28:13.635Z"}
{"level":"info","message":"⌛ Building environment","timeElapsed":203,"timestamp":"2024-11-29T03:29:06.738Z"}
{"level":"info","message":"onRequest - WORKSPACE_URI:file:///c%3A/Users/Usuario/Desktop/2024-tpo-game-miche-y-su-pandilla-master","timestamp":"2024-11-29T03:29:06.753Z"}
{"level":"info","message":"⌛ Building environment","timeElapsed":129,"timestamp":"2024-11-29T03:29:06.883Z"}
{"level":"info","message":"⌛ Building environment","timeElapsed":104,"timestamp":"2024-11-29T03:29:07.088Z"}
{"level":"info","message":"⌛ Building environment","timeElapsed":109,"timestamp":"2024-11-29T03:29:07.198Z"}
{"level":"info","message":"⌛ Validating guidoBird/src/centralGuido.wlk","timeElapsed":160,"timestamp":"2024-11-29T03:29:07.367Z"}
{"level":"info","message":"⌛ Building environment","timeElapsed":146,"timestamp":"2024-11-29T03:29:07.514Z"}
{"level":"info","message":"⌛ Validating guidoBird/src/obstaculos.wlk","timeElapsed":112,"timestamp":"2024-11-29T03:29:07.631Z"}
{"level":"info","message":"⌛ Validating guidoBird/src/guido.wlk","timeElapsed":115,"timestamp":"2024-11-29T03:29:07.746Z"}
{"level":"info","message":"⌛ Validating guidoBird/main.wpgm","timeElapsed":113,"timestamp":"2024-11-29T03:29:07.860Z"}
{"level":"info","message":"⌛ Validating guidoBird/src/centralGuido.wlk","timeElapsed":110,"timestamp":"2024-11-29T03:29:07.971Z"}
